0 verbose cli D:\Aplikasi\NodeJs\node.exe D:\Aplikasi\NodeJs\node_modules\npm\bin\npm-cli.js
1 info using npm@10.8.2
2 info using node@v20.18.0
3 silly config load:file:D:\Aplikasi\NodeJs\node_modules\npm\npmrc
4 silly config load:file:D:\Porto\compnay-profile\.npmrc
5 silly config load:file:C:\Users\ADMIN\.npmrc
6 silly config load:file:C:\Users\ADMIN\AppData\Roaming\npm\etc\npmrc
7 verbose title npm install
8 verbose argv "install"
9 verbose logfile logs-max:10 dir:D:\Porto\compnay-profile\.npm-cache\_logs\2026-03-24T04_51_45_166Z-
10 verbose logfile D:\Porto\compnay-profile\.npm-cache\_logs\2026-03-24T04_51_45_166Z-debug-0.log
11 silly packumentCache heap:4345298944 maxSize:1086324736 maxEntrySize:543162368
12 silly logfile done cleaning log files
13 silly idealTree buildDeps
14 silly fetch manifest next@15.1.11
15 silly packumentCache full:https://registry.npmjs.org/next cache-miss
16 http fetch GET 200 https://registry.npmjs.org/npm 356ms
17 http fetch GET 200 https://registry.npmjs.org/next 1144ms (cache miss)
18 silly packumentCache full:https://registry.npmjs.org/next set size:undefined disposed:false
19 silly fetch manifest @opentelemetry/api@^1.1.0
20 silly packumentCache full:https://registry.npmjs.org/@opentelemetry%2fapi cache-miss
21 http fetch GET 200 https://registry.npmjs.org/@opentelemetry%2fapi 1156ms (cache miss)
22 silly packumentCache full:https://registry.npmjs.org/@opentelemetry%2fapi set size:undefined disposed:false
23 silly fetch manifest @playwright/test@^1.41.2
24 silly packumentCache full:https://registry.npmjs.org/@playwright%2ftest cache-miss
25 http fetch GET 200 https://registry.npmjs.org/@playwright%2ftest 310ms (cache miss)
26 silly packumentCache full:https://registry.npmjs.org/@playwright%2ftest set size:undefined disposed:false
27 silly fetch manifest babel-plugin-react-compiler@*
28 silly packumentCache full:https://registry.npmjs.org/babel-plugin-react-compiler cache-miss
29 http fetch GET 200 https://registry.npmjs.org/babel-plugin-react-compiler 234ms (cache miss)
30 silly packumentCache full:https://registry.npmjs.org/babel-plugin-react-compiler set size:undefined disposed:false
31 silly fetch manifest react@19.0.1
32 silly packumentCache full:https://registry.npmjs.org/react cache-miss
33 http fetch GET 200 https://registry.npmjs.org/react 278ms (cache miss)
34 silly packumentCache full:https://registry.npmjs.org/react set size:undefined disposed:false
35 silly fetch manifest react-dom@19.0.1
36 silly packumentCache full:https://registry.npmjs.org/react-dom cache-miss
37 http fetch GET 200 https://registry.npmjs.org/react-dom 290ms (cache miss)
38 silly packumentCache full:https://registry.npmjs.org/react-dom set size:undefined disposed:false
39 silly fetch manifest sass@^1.3.0
40 silly packumentCache full:https://registry.npmjs.org/sass cache-miss
41 http fetch GET 200 https://registry.npmjs.org/sass 265ms (cache miss)
42 silly packumentCache full:https://registry.npmjs.org/sass set size:undefined disposed:false
43 silly placeDep ROOT next@15.1.11 REPLACE for: cms@0.1.0 want: 15.1.11
44 silly fetch manifest @next/env@15.1.11
45 silly packumentCache full:https://registry.npmjs.org/@next%2fenv cache-miss
46 silly fetch manifest @next/swc-darwin-x64@15.1.9
47 silly packumentCache full:https://registry.npmjs.org/@next%2fswc-darwin-x64 cache-miss
48 silly fetch manifest @next/swc-darwin-arm64@15.1.9
49 silly packumentCache full:https://registry.npmjs.org/@next%2fswc-darwin-arm64 cache-miss
50 silly fetch manifest @next/swc-linux-x64-gnu@15.1.9
51 silly packumentCache full:https://registry.npmjs.org/@next%2fswc-linux-x64-gnu cache-miss
52 silly fetch manifest @next/swc-linux-x64-musl@15.1.9
53 silly packumentCache full:https://registry.npmjs.org/@next%2fswc-linux-x64-musl cache-miss
54 silly fetch manifest @next/swc-win32-x64-msvc@15.1.9
55 silly packumentCache full:https://registry.npmjs.org/@next%2fswc-win32-x64-msvc cache-miss
56 silly fetch manifest @next/swc-linux-arm64-gnu@15.1.9
57 silly packumentCache full:https://registry.npmjs.org/@next%2fswc-linux-arm64-gnu cache-miss
58 http fetch GET 200 https://registry.npmjs.org/@next%2fswc-linux-arm64-gnu 854ms (cache miss)
59 silly packumentCache full:https://registry.npmjs.org/@next%2fswc-linux-arm64-gnu set size:undefined disposed:false
60 silly fetch manifest @next/swc-linux-arm64-musl@15.1.9
61 silly packumentCache full:https://registry.npmjs.org/@next%2fswc-linux-arm64-musl cache-miss
62 http fetch GET 200 https://registry.npmjs.org/@next%2fswc-linux-x64-gnu 1468ms (cache miss)
63 silly packumentCache full:https://registry.npmjs.org/@next%2fswc-linux-x64-gnu set size:undefined disposed:false
64 silly fetch manifest @next/swc-win32-arm64-msvc@15.1.9
65 silly packumentCache full:https://registry.npmjs.org/@next%2fswc-win32-arm64-msvc cache-miss
66 http fetch GET 200 https://registry.npmjs.org/@next%2fswc-darwin-arm64 1542ms (cache miss)
67 silly packumentCache full:https://registry.npmjs.org/@next%2fswc-darwin-arm64 set size:undefined disposed:false
68 http fetch GET 200 https://registry.npmjs.org/@next%2fswc-darwin-x64 1675ms (cache miss)
69 silly packumentCache full:https://registry.npmjs.org/@next%2fswc-darwin-x64 set size:undefined disposed:false
70 http fetch GET 200 https://registry.npmjs.org/@next%2fenv 1791ms (cache miss)
71 silly packumentCache full:https://registry.npmjs.org/@next%2fenv set size:undefined disposed:false
72 http fetch GET 200 https://registry.npmjs.org/@next%2fswc-linux-arm64-musl 1105ms (cache miss)
73 silly packumentCache full:https://registry.npmjs.org/@next%2fswc-linux-arm64-musl set size:undefined disposed:false
74 http fetch GET 200 https://registry.npmjs.org/@next%2fswc-linux-x64-musl 2282ms (cache miss)
75 silly packumentCache full:https://registry.npmjs.org/@next%2fswc-linux-x64-musl set size:undefined disposed:false
76 http fetch GET 200 https://registry.npmjs.org/@next%2fswc-win32-x64-msvc 2704ms (cache miss)
77 silly packumentCache full:https://registry.npmjs.org/@next%2fswc-win32-x64-msvc set size:undefined disposed:false
78 http fetch GET 200 https://registry.npmjs.org/@next%2fswc-win32-arm64-msvc 1314ms (cache miss)
79 silly packumentCache full:https://registry.npmjs.org/@next%2fswc-win32-arm64-msvc set size:undefined disposed:false
80 silly placeDep ROOT @next/env@15.1.11 OK for: next@15.1.11 want: 15.1.11
81 silly placeDep ROOT @next/swc-darwin-arm64@15.1.9 OK for: next@15.1.11 want: 15.1.9
82 silly placeDep ROOT @next/swc-darwin-x64@15.1.9 OK for: next@15.1.11 want: 15.1.9
83 silly placeDep ROOT @next/swc-linux-arm64-gnu@15.1.9 OK for: next@15.1.11 want: 15.1.9
84 silly placeDep ROOT @next/swc-linux-arm64-musl@15.1.9 OK for: next@15.1.11 want: 15.1.9
85 silly placeDep ROOT @next/swc-linux-x64-gnu@15.1.9 OK for: next@15.1.11 want: 15.1.9
86 silly placeDep ROOT @next/swc-linux-x64-musl@15.1.9 OK for: next@15.1.11 want: 15.1.9
87 silly placeDep ROOT @next/swc-win32-arm64-msvc@15.1.9 OK for: next@15.1.11 want: 15.1.9
88 silly placeDep ROOT @next/swc-win32-x64-msvc@15.1.9 OK for: next@15.1.11 want: 15.1.9
89 silly reify mark retired [ 'D:\\Porto\\compnay-profile\\node_modules\\@next\\env' ]
90 silly reify mark retired [
90 silly reify   'D:\\Porto\\compnay-profile\\node_modules\\@next\\swc-win32-x64-msvc'
90 silly reify ]
91 silly reify mark retired [
91 silly reify   'D:\\Porto\\compnay-profile\\node_modules\\next',
91 silly reify   'D:\\Porto\\compnay-profile\\node_modules\\.bin\\next',
91 silly reify   'D:\\Porto\\compnay-profile\\node_modules\\.bin\\next.cmd',
91 silly reify   'D:\\Porto\\compnay-profile\\node_modules\\.bin\\next.ps1'
91 silly reify ]
92 silly reify moves {
92 silly reify   'D:\\Porto\\compnay-profile\\node_modules\\@next\\env': 'D:\\Porto\\compnay-profile\\node_modules\\@next\\.env-Y4WTO3be',
92 silly reify   'D:\\Porto\\compnay-profile\\node_modules\\@next\\swc-win32-x64-msvc': 'D:\\Porto\\compnay-profile\\node_modules\\@next\\.swc-win32-x64-msvc-vH8uvqfl',
92 silly reify   'D:\\Porto\\compnay-profile\\node_modules\\next': 'D:\\Porto\\compnay-profile\\node_modules\\.next-f1QqXCfi',
92 silly reify   'D:\\Porto\\compnay-profile\\node_modules\\.bin\\next': 'D:\\Porto\\compnay-profile\\node_modules\\.bin\\.next-tZp5yMLb',
92 silly reify   'D:\\Porto\\compnay-profile\\node_modules\\.bin\\next.cmd': 'D:\\Porto\\compnay-profile\\node_modules\\.bin\\.next.cmd-PQjoyD2m',
92 silly reify   'D:\\Porto\\compnay-profile\\node_modules\\.bin\\next.ps1': 'D:\\Porto\\compnay-profile\\node_modules\\.bin\\.next.ps1-I8G3a81I'
92 silly reify }
93 silly audit bulk request {
93 silly audit   '@alloc/quick-lru': [ '5.2.0' ],
93 silly audit   '@contentful/content-source-maps': [ '0.11.7' ],
93 silly audit   '@contentful/rich-text-react-renderer': [ '16.0.1' ],
93 silly audit   '@contentful/rich-text-types': [ '17.0.0', '16.8.5' ],
93 silly audit   '@emnapi/runtime': [ '1.3.1' ],
93 silly audit   '@img/sharp-darwin-arm64': [ '0.33.5' ],
93 silly audit   '@img/sharp-darwin-x64': [ '0.33.5' ],
93 silly audit   '@img/sharp-libvips-darwin-arm64': [ '1.0.4' ],
93 silly audit   '@img/sharp-libvips-darwin-x64': [ '1.0.4' ],
93 silly audit   '@img/sharp-libvips-linux-arm': [ '1.0.5' ],
93 silly audit   '@img/sharp-libvips-linux-arm64': [ '1.0.4' ],
93 silly audit   '@img/sharp-libvips-linux-s390x': [ '1.0.4' ],
93 silly audit   '@img/sharp-libvips-linux-x64': [ '1.0.4' ],
93 silly audit   '@img/sharp-libvips-linuxmusl-arm64': [ '1.0.4' ],
93 silly audit   '@img/sharp-libvips-linuxmusl-x64': [ '1.0.4' ],
93 silly audit   '@img/sharp-linux-arm': [ '0.33.5' ],
93 silly audit   '@img/sharp-linux-arm64': [ '0.33.5' ],
93 silly audit   '@img/sharp-linux-s390x': [ '0.33.5' ],
93 silly audit   '@img/sharp-linux-x64': [ '0.33.5' ],
93 silly audit   '@img/sharp-linuxmusl-arm64': [ '0.33.5' ],
93 silly audit   '@img/sharp-linuxmusl-x64': [ '0.33.5' ],
93 silly audit   '@img/sharp-wasm32': [ '0.33.5' ],
93 silly audit   '@img/sharp-win32-ia32': [ '0.33.5' ],
93 silly audit   '@img/sharp-win32-x64': [ '0.33.5' ],
93 silly audit   '@isaacs/cliui': [ '8.0.2' ],
93 silly audit   '@jridgewell/gen-mapping': [ '0.3.5' ],
93 silly audit   '@jridgewell/resolve-uri': [ '3.1.2' ],
93 silly audit   '@jridgewell/set-array': [ '1.2.1' ],
93 silly audit   '@jridgewell/sourcemap-codec': [ '1.5.0' ],
93 silly audit   '@jridgewell/trace-mapping': [ '0.3.25' ],
93 silly audit   '@nodelib/fs.scandir': [ '2.1.5' ],
93 silly audit   '@nodelib/fs.stat': [ '2.0.5' ],
93 silly audit   '@nodelib/fs.walk': [ '1.2.8' ],
93 silly audit   '@pkgjs/parseargs': [ '0.11.0' ],
93 silly audit   '@rollup/rollup-linux-x64-gnu': [ '4.28.1' ],
93 silly audit   '@swc/counter': [ '0.1.3' ],
93 silly audit   '@swc/helpers': [ '0.5.15' ],
93 silly audit   '@types/node': [ '20.17.10' ],
93 silly audit   '@types/react': [ '19.0.1' ],
93 silly audit   '@types/react-dom': [ '19.0.2' ],
93 silly audit   '@vercel/stega': [ '0.1.2' ],
93 silly audit   'ansi-regex': [ '6.1.0', '5.0.1' ],
93 silly audit   'ansi-styles': [ '6.2.1', '4.3.0' ],
93 silly audit   'any-promise': [ '1.3.0' ],
93 silly audit   anymatch: [ '3.1.3' ],
93 silly audit   arg: [ '5.0.2' ],
93 silly audit   asynckit: [ '0.4.0' ],
93 silly audit   axios: [ '1.7.9' ],
93 silly audit   'balanced-match': [ '1.0.2' ],
93 silly audit   'binary-extensions': [ '2.3.0' ],
93 silly audit   'brace-expansion': [ '2.0.1' ],
93 silly audit   braces: [ '3.0.3' ],
93 silly audit   busboy: [ '1.6.0' ],
93 silly audit   'call-bind': [ '1.0.8' ],
93 silly audit   'call-bind-apply-helpers': [ '1.0.1' ],
93 silly audit   'camelcase-css': [ '2.0.1' ],
93 silly audit   'caniuse-lite': [ '1.0.30001687' ],
93 silly audit   chokidar: [ '3.6.0' ],
93 silly audit   'glob-parent': [ '5.1.2', '6.0.2' ],
93 silly audit   'client-only': [ '0.0.1' ],
93 silly audit   color: [ '4.2.3' ],
93 silly audit   'color-convert': [ '2.0.1' ],
93 silly audit   'color-name': [ '1.1.4' ],
93 silly audit   'color-string': [ '1.9.1' ],
93 silly audit   'combined-stream': [ '1.0.8' ],
93 silly audit   commander: [ '4.1.1' ],
93 silly audit   contentful: [ '11.3.1' ],
93 silly audit   'contentful-resolve-response': [ '1.9.2' ],
93 silly audit   'contentful-sdk-core': [ '9.0.1' ],
93 silly audit   'fast-copy': [ '3.0.2', '2.1.7' ],
93 silly audit   'cross-spawn': [ '7.0.6' ],
93 silly audit   cssesc: [ '3.0.0' ],
93 silly audit   csstype: [ '3.1.3' ],
93 silly audit   'define-data-property': [ '1.1.4' ],
93 silly audit   'delayed-stream': [ '1.0.0' ],
93 silly audit   'detect-libc': [ '2.0.3' ],
93 silly audit   didyoumean: [ '1.2.2' ],
93 silly audit   dlv: [ '1.1.3' ],
93 silly audit   'dunder-proto': [ '1.0.0' ],
93 silly audit   eastasianwidth: [ '0.2.0' ],
93 silly audit   'emoji-regex': [ '9.2.2', '8.0.0' ],
93 silly audit   'es-define-property': [ '1.0.1' ],
93 silly audit   'es-errors': [ '1.3.0' ],
93 silly audit   'fast-glob': [ '3.3.2' ],
93 silly audit   fastq: [ '1.17.1' ],
93 silly audit   'fill-range': [ '7.1.1' ],
93 silly audit   'follow-redirects': [ '1.15.9' ],
93 silly audit   foreach: [ '2.0.6' ],
93 silly audit   'foreground-child': [ '3.3.0' ],
93 silly audit   'form-data': [ '4.0.1' ],
93 silly audit   fsevents: [ '2.3.3' ],
93 silly audit   'function-bind': [ '1.1.2' ],
93 silly audit   'get-intrinsic': [ '1.2.5' ],
93 silly audit   glob: [ '10.4.5' ],
93 silly audit   gopd: [ '1.2.0' ],
93 silly audit   'has-property-descriptors': [ '1.0.2' ],
93 silly audit   'has-symbols': [ '1.1.0' ],
93 silly audit   hasown: [ '2.0.2' ],
93 silly audit   'is-arrayish': [ '0.3.2' ],
93 silly audit   'is-binary-path': [ '2.1.0' ],
93 silly audit   'is-core-module': [ '2.15.1' ],
93 silly audit   'is-extglob': [ '2.1.1' ],
93 silly audit   'is-fullwidth-code-point': [ '3.0.0' ],
93 silly audit   'is-glob': [ '4.0.3' ],
93 silly audit   'is-number': [ '7.0.0' ],
93 silly audit   'is-plain-obj': [ '3.0.0' ],
93 silly audit   isexe: [ '2.0.0' ],
93 silly audit   jackspeak: [ '3.4.3' ],
93 silly audit   jiti: [ '1.21.6' ],
93 silly audit   'json-pointer': [ '0.6.2' ],
93 silly audit   'json-stringify-safe': [ '5.0.1' ],
93 silly audit   lilconfig: [ '3.1.3' ],
93 silly audit   'lines-and-columns': [ '1.2.4' ],
93 silly audit   lodash: [ '4.17.21' ],
93 silly audit   'lru-cache': [ '10.4.3' ],
93 silly audit   merge2: [ '1.4.1' ],
93 silly audit   micromatch: [ '4.0.8' ],
93 silly audit   'mime-db': [ '1.52.0' ],
93 silly audit   'mime-types': [ '2.1.35' ],
93 silly audit   minimatch: [ '9.0.5' ],
93 silly audit   minipass: [ '7.1.2' ],
93 silly audit   mz: [ '2.7.0' ],
93 silly audit   nanoid: [ '3.3.8' ],
93 silly audit   postcss: [ '8.4.49', '8.4.31' ],
93 silly audit   'normalize-path': [ '3.0.0' ],
93 silly audit   'object-assign': [ '4.1.1' ],
93 silly audit   'object-hash': [ '3.0.0' ],
93 silly audit   'object-inspect': [ '1.13.3' ],
93 silly audit   'p-throttle': [ '6.2.0' ],
93 silly audit   'package-json-from-dist': [ '1.0.1' ],
93 silly audit   'path-key': [ '3.1.1' ],
93 silly audit   'path-parse': [ '1.0.7' ],
93 silly audit   'path-scurry': [ '1.11.1' ],
93 silly audit   picocolors: [ '1.1.1' ],
93 silly audit   picomatch: [ '2.3.1' ],
93 silly audit   pify: [ '2.3.0' ],
93 silly audit   pirates: [ '4.0.6' ],
93 silly audit   'postcss-import': [ '15.1.0' ],
93 silly audit   'postcss-js': [ '4.0.1' ],
93 silly audit   'postcss-load-config': [ '4.0.2' ],
93 silly audit   'postcss-nested': [ '6.2.0' ],
93 silly audit   'postcss-selector-parser': [ '6.1.2' ],
93 silly audit   'postcss-value-parser': [ '4.2.0' ],
93 silly audit   process: [ '0.11.10' ],
93 silly audit   'proxy-from-env': [ '1.1.0' ],
93 silly audit   qs: [ '6.13.1' ],
93 silly audit   'queue-microtask': [ '1.2.3' ],
93 silly audit   react: [ '19.0.1' ],
93 silly audit   'react-dom': [ '19.0.1' ],
93 silly audit   'react-icons': [ '5.4.0' ],
93 silly audit   'read-cache': [ '1.0.0' ],
93 silly audit   readdirp: [ '3.6.0' ],
93 silly audit   resolve: [ '1.22.8' ],
93 silly audit   reusify: [ '1.0.4' ],
93 silly audit   'run-parallel': [ '1.2.0' ],
93 silly audit   scheduler: [ '0.25.0' ],
93 silly audit   semver: [ '7.6.3' ],
93 silly audit   'set-function-length': [ '1.2.2' ],
93 silly audit   sharp: [ '0.33.5' ],
93 silly audit   'shebang-command': [ '2.0.0' ],
93 silly audit   'shebang-regex': [ '3.0.0' ],
93 silly audit   'side-channel': [ '1.0.6' ],
93 silly audit   'signal-exit': [ '4.1.0' ],
93 silly audit   'simple-swizzle': [ '0.2.2' ],
93 silly audit   'source-map-js': [ '1.2.1' ],
93 silly audit   streamsearch: [ '1.1.0' ],
93 silly audit   'string-width': [ '5.1.2', '4.2.3' ],
93 silly audit   'strip-ansi': [ '6.0.1', '7.1.0' ],
93 silly audit   'styled-jsx': [ '5.1.6' ],
93 silly audit   sucrase: [ '3.35.0' ],
93 silly audit   'supports-preserve-symlinks-flag': [ '1.0.0' ],
93 silly audit   tailwindcss: [ '3.4.16' ],
93 silly audit   thenify: [ '3.3.1' ],
93 silly audit   'thenify-all': [ '1.6.0' ],
93 silly audit   'to-regex-range': [ '5.0.1' ],
93 silly audit   'ts-interface-checker': [ '0.1.13' ],
93 silly audit   tslib: [ '2.8.1' ],
93 silly audit   'type-fest': [ '4.30.0' ],
93 silly audit   typescript: [ '5.7.2' ],
93 silly audit   'undici-types': [ '6.19.8' ],
93 silly audit   'util-deprecate': [ '1.0.2' ],
93 silly audit   which: [ '2.0.2' ],
93 silly audit   'wrap-ansi': [ '8.1.0', '7.0.0' ],
93 silly audit   yaml: [ '2.6.1' ],
93 silly audit   next: [ '15.1.11' ],
93 silly audit   '@next/env': [ '15.1.11' ],
93 silly audit   '@next/swc-darwin-arm64': [ '15.1.9' ],
93 silly audit   '@next/swc-darwin-x64': [ '15.1.9' ],
93 silly audit   '@next/swc-linux-arm64-gnu': [ '15.1.9' ],
93 silly audit   '@next/swc-linux-arm64-musl': [ '15.1.9' ],
93 silly audit   '@next/swc-linux-x64-gnu': [ '15.1.9' ],
93 silly audit   '@next/swc-linux-x64-musl': [ '15.1.9' ],
93 silly audit   '@next/swc-win32-arm64-msvc': [ '15.1.9' ],
93 silly audit   '@next/swc-win32-x64-msvc': [ '15.1.9' ]
93 silly audit }
94 verbose reify failed optional dependency D:\Porto\compnay-profile\node_modules\@next\swc-win32-arm64-msvc
95 silly reify mark deleted [
95 silly reify   'D:\\Porto\\compnay-profile\\node_modules\\@next\\swc-win32-arm64-msvc'
95 silly reify ]
96 verbose reify failed optional dependency D:\Porto\compnay-profile\node_modules\@next\swc-linux-x64-musl
97 silly reify mark deleted [
97 silly reify   'D:\\Porto\\compnay-profile\\node_modules\\@next\\swc-linux-x64-musl'
97 silly reify ]
98 verbose reify failed optional dependency D:\Porto\compnay-profile\node_modules\@next\swc-linux-x64-gnu
99 silly reify mark deleted [
99 silly reify   'D:\\Porto\\compnay-profile\\node_modules\\@next\\swc-linux-x64-gnu'
99 silly reify ]
100 verbose reify failed optional dependency D:\Porto\compnay-profile\node_modules\@next\swc-linux-arm64-musl
101 silly reify mark deleted [
101 silly reify   'D:\\Porto\\compnay-profile\\node_modules\\@next\\swc-linux-arm64-musl'
101 silly reify ]
102 verbose reify failed optional dependency D:\Porto\compnay-profile\node_modules\@next\swc-linux-arm64-gnu
103 silly reify mark deleted [
103 silly reify   'D:\\Porto\\compnay-profile\\node_modules\\@next\\swc-linux-arm64-gnu'
103 silly reify ]
104 verbose reify failed optional dependency D:\Porto\compnay-profile\node_modules\@next\swc-darwin-x64
105 silly reify mark deleted [ 'D:\\Porto\\compnay-profile\\node_modules\\@next\\swc-darwin-x64' ]
106 verbose reify failed optional dependency D:\Porto\compnay-profile\node_modules\@next\swc-darwin-arm64
107 silly reify mark deleted [ 'D:\\Porto\\compnay-profile\\node_modules\\@next\\swc-darwin-arm64' ]
108 verbose reify failed optional dependency D:\Porto\compnay-profile\node_modules\fsevents
109 silly reify mark deleted [ 'D:\\Porto\\compnay-profile\\node_modules\\fsevents' ]
110 verbose reify failed optional dependency D:\Porto\compnay-profile\node_modules\@rollup\rollup-linux-x64-gnu
111 silly reify mark deleted [
111 silly reify   'D:\\Porto\\compnay-profile\\node_modules\\@rollup\\rollup-linux-x64-gnu'
111 silly reify ]
112 verbose reify failed optional dependency D:\Porto\compnay-profile\node_modules\@img\sharp-win32-ia32
113 silly reify mark deleted [ 'D:\\Porto\\compnay-profile\\node_modules\\@img\\sharp-win32-ia32' ]
114 verbose reify failed optional dependency D:\Porto\compnay-profile\node_modules\@img\sharp-wasm32
115 silly reify mark deleted [ 'D:\\Porto\\compnay-profile\\node_modules\\@img\\sharp-wasm32' ]
116 verbose reify failed optional dependency D:\Porto\compnay-profile\node_modules\@emnapi\runtime
117 silly reify mark deleted [ 'D:\\Porto\\compnay-profile\\node_modules\\@emnapi\\runtime' ]
118 verbose reify failed optional dependency D:\Porto\compnay-profile\node_modules\@img\sharp-linuxmusl-x64
119 silly reify mark deleted [
119 silly reify   'D:\\Porto\\compnay-profile\\node_modules\\@img\\sharp-linuxmusl-x64'
119 silly reify ]
120 verbose reify failed optional dependency D:\Porto\compnay-profile\node_modules\@img\sharp-linuxmusl-arm64
121 silly reify mark deleted [
121 silly reify   'D:\\Porto\\compnay-profile\\node_modules\\@img\\sharp-linuxmusl-arm64'
121 silly reify ]
122 verbose reify failed optional dependency D:\Porto\compnay-profile\node_modules\@img\sharp-linux-x64
123 silly reify mark deleted [ 'D:\\Porto\\compnay-profile\\node_modules\\@img\\sharp-linux-x64' ]
124 verbose reify failed optional dependency D:\Porto\compnay-profile\node_modules\@img\sharp-linux-s390x
125 silly reify mark deleted [ 'D:\\Porto\\compnay-profile\\node_modules\\@img\\sharp-linux-s390x' ]
126 verbose reify failed optional dependency D:\Porto\compnay-profile\node_modules\@img\sharp-linux-arm64
127 silly reify mark deleted [ 'D:\\Porto\\compnay-profile\\node_modules\\@img\\sharp-linux-arm64' ]
128 verbose reify failed optional dependency D:\Porto\compnay-profile\node_modules\@img\sharp-linux-arm
129 silly reify mark deleted [ 'D:\\Porto\\compnay-profile\\node_modules\\@img\\sharp-linux-arm' ]
130 verbose reify failed optional dependency D:\Porto\compnay-profile\node_modules\@img\sharp-libvips-linuxmusl-x64
131 silly reify mark deleted [
131 silly reify   'D:\\Porto\\compnay-profile\\node_modules\\@img\\sharp-libvips-linuxmusl-x64'
131 silly reify ]
132 verbose reify failed optional dependency D:\Porto\compnay-profile\node_modules\@img\sharp-libvips-linuxmusl-arm64
133 silly reify mark deleted [
133 silly reify   'D:\\Porto\\compnay-profile\\node_modules\\@img\\sharp-libvips-linuxmusl-arm64'
133 silly reify ]
134 verbose reify failed optional dependency D:\Porto\compnay-profile\node_modules\@img\sharp-libvips-linux-x64
135 silly reify mark deleted [
135 silly reify   'D:\\Porto\\compnay-profile\\node_modules\\@img\\sharp-libvips-linux-x64'
135 silly reify ]
136 verbose reify failed optional dependency D:\Porto\compnay-profile\node_modules\@img\sharp-libvips-linux-s390x
137 silly reify mark deleted [
137 silly reify   'D:\\Porto\\compnay-profile\\node_modules\\@img\\sharp-libvips-linux-s390x'
137 silly reify ]
138 verbose reify failed optional dependency D:\Porto\compnay-profile\node_modules\@img\sharp-libvips-linux-arm64
139 silly reify mark deleted [
139 silly reify   'D:\\Porto\\compnay-profile\\node_modules\\@img\\sharp-libvips-linux-arm64'
139 silly reify ]
140 verbose reify failed optional dependency D:\Porto\compnay-profile\node_modules\@img\sharp-libvips-linux-arm
141 silly reify mark deleted [
141 silly reify   'D:\\Porto\\compnay-profile\\node_modules\\@img\\sharp-libvips-linux-arm'
141 silly reify ]
142 verbose reify failed optional dependency D:\Porto\compnay-profile\node_modules\@img\sharp-libvips-darwin-x64
143 silly reify mark deleted [
143 silly reify   'D:\\Porto\\compnay-profile\\node_modules\\@img\\sharp-libvips-darwin-x64'
143 silly reify ]
144 verbose reify failed optional dependency D:\Porto\compnay-profile\node_modules\@img\sharp-libvips-darwin-arm64
145 silly reify mark deleted [
145 silly reify   'D:\\Porto\\compnay-profile\\node_modules\\@img\\sharp-libvips-darwin-arm64'
145 silly reify ]
146 verbose reify failed optional dependency D:\Porto\compnay-profile\node_modules\@img\sharp-darwin-x64
147 silly reify mark deleted [ 'D:\\Porto\\compnay-profile\\node_modules\\@img\\sharp-darwin-x64' ]
148 verbose reify failed optional dependency D:\Porto\compnay-profile\node_modules\@img\sharp-darwin-arm64
149 silly reify mark deleted [
149 silly reify   'D:\\Porto\\compnay-profile\\node_modules\\@img\\sharp-darwin-arm64'
149 silly reify ]
150 silly tarball no local data for @emnapi/runtime@https://registry.npmjs.org/@emnapi/runtime/-/runtime-1.3.1.tgz. Extracting by manifest.
151 silly tarball no local data for next@https://registry.npmjs.org/next/-/next-15.1.11.tgz. Extracting by manifest.
152 silly tarball no local data for @next/swc-win32-x64-msvc@https://registry.npmjs.org/@next/swc-win32-x64-msvc/-/swc-win32-x64-msvc-15.1.9.tgz. Extracting by manifest.
153 silly tarball no local data for @next/env@https://registry.npmjs.org/@next/env/-/env-15.1.11.tgz. Extracting by manifest.
154 http fetch GET 200 https://registry.npmjs.org/@next/env/-/env-15.1.11.tgz 262ms (cache miss)
155 http fetch POST 200 https://registry.npmjs.org/-/npm/v1/security/advisories/bulk 437ms
156 silly audit report {
156 silly audit report   axios: [
156 silly audit report     {
156 silly audit report       id: 1111035,
156 silly audit report       url: 'https://github.com/advisories/GHSA-jr5f-v2jv-69x6',
156 silly audit report       title: 'axios Requests Vulnerable To Possible SSRF and Credential Leakage via Absolute URL',
156 silly audit report       severity: 'high',
156 silly audit report       vulnerable_versions: '>=1.0.0 <1.8.2',
156 silly audit report       cwe: [Array],
156 silly audit report       cvss: [Object]
156 silly audit report     },
156 silly audit report     {
156 silly audit report       id: 1112195,
156 silly audit report       url: 'https://github.com/advisories/GHSA-4hjh-wcwx-xvwj',
156 silly audit report       title: 'Axios is vulnerable to DoS attack through lack of data size check',
156 silly audit report       severity: 'high',
156 silly audit report       vulnerable_versions: '>=1.0.0 <1.12.0',
156 silly audit report       cwe: [Array],
156 silly audit report       cvss: [Object]
156 silly audit report     },
156 silly audit report     {
156 silly audit report       id: 1113275,
156 silly audit report       url: 'https://github.com/advisories/GHSA-43fc-jf86-j433',
156 silly audit report       title: 'Axios is Vulnerable to Denial of Service via __proto__ Key in mergeConfig',
156 silly audit report       severity: 'high',
156 silly audit report       vulnerable_versions: '>=1.0.0 <=1.13.4',
156 silly audit report       cwe: [Array],
156 silly audit report       cvss: [Object]
156 silly audit report     }
156 silly audit report   ],
156 silly audit report   'brace-expansion': [
156 silly audit report     {
156 silly audit report       id: 1105444,
156 silly audit report       url: 'https://github.com/advisories/GHSA-v6h2-p8h4-qcjw',
156 silly audit report       title: 'brace-expansion Regular Expression Denial of Service vulnerability',
156 silly audit report       severity: 'low',
156 silly audit report       vulnerable_versions: '>=2.0.0 <=2.0.1',
156 silly audit report       cwe: [Array],
156 silly audit report       cvss: [Object]
156 silly audit report     }
156 silly audit report   ],
156 silly audit report   'form-data': [
156 silly audit report     {
156 silly audit report       id: 1109538,
156 silly audit report       url: 'https://github.com/advisories/GHSA-fjxv-7rqg-78g4',
156 silly audit report       title: 'form-data uses unsafe random function in form-data for choosing boundary',
156 silly audit report       severity: 'critical',
156 silly audit report       vulnerable_versions: '>=4.0.0 <4.0.4',
156 silly audit report       cwe: [Array],
156 silly audit report       cvss: [Object]
156 silly audit report     }
156 silly audit report   ],
156 silly audit report   glob: [
156 silly audit report     {
156 silly audit report       id: 1109842,
156 silly audit report       url: 'https://github.com/advisories/GHSA-5j98-mcp5-4vw2',
156 silly audit report       title: 'glob CLI: Command injection via -c/--cmd executes matches with shell:true',
156 silly audit report       severity: 'high',
156 silly audit report       vulnerable_versions: '>=10.2.0 <10.5.0',
156 silly audit report       cwe: [Array],
156 silly audit report       cvss: [Object]
156 silly audit report     }
156 silly audit report   ],
156 silly audit report   lodash: [
156 silly audit report     {
156 silly audit report       id: 1112455,
156 silly audit report       url: 'https://github.com/advisories/GHSA-xxjr-mmjv-4gpg',
156 silly audit report       title: 'Lodash has Prototype Pollution Vulnerability in `_.unset` and `_.omit` functions',
156 silly audit report       severity: 'moderate',
156 silly audit report       vulnerable_versions: '>=4.0.0 <=4.17.22',
156 silly audit report       cwe: [Array],
156 silly audit report       cvss: [Object]
156 silly audit report     }
156 silly audit report   ],
156 silly audit report   minimatch: [
156 silly audit report     {
156 silly audit report       id: 1113465,
156 silly audit report       url: 'https://github.com/advisories/GHSA-3ppc-4f35-3m26',
156 silly audit report       title: 'minimatch has a ReDoS via repeated wildcards with non-matching literal in pattern',
156 silly audit report       severity: 'high',
156 silly audit report       vulnerable_versions: '>=9.0.0 <9.0.6',
156 silly audit report       cwe: [Array],
156 silly audit report       cvss: [Object]
156 silly audit report     },
156 silly audit report     {
156 silly audit report       id: 1113544,
156 silly audit report       url: 'https://github.com/advisories/GHSA-7r86-cg39-jmmj',
156 silly audit report       title: 'minimatch has ReDoS: matchOne() combinatorial backtracking via multiple non-adjacent GLOBSTAR segments',
156 silly audit report       severity: 'high',
156 silly audit report       vulnerable_versions: '>=9.0.0 <9.0.7',
156 silly audit report       cwe: [Array],
156 silly audit report       cvss: [Object]
156 silly audit report     },
156 silly audit report     {
156 silly audit report       id: 1113552,
156 silly audit report       url: 'https://github.com/advisories/GHSA-23c5-xmqv-rm74',
156 silly audit report       title: 'minimatch ReDoS: nested *() extglobs generate catastrophically backtracking regular expressions',
156 silly audit report       severity: 'high',
156 silly audit report       vulnerable_versions: '>=9.0.0 <9.0.7',
156 silly audit report       cwe: [Array],
156 silly audit report       cvss: [Object]
156 silly audit report     }
156 silly audit report   ],
156 silly audit report   qs: [
156 silly audit report     {
156 silly audit report       id: 1113161,
156 silly audit report       url: 'https://github.com/advisories/GHSA-w7fw-mjwx-w883',
156 silly audit report       title: "qs's arrayLimit bypass in comma parsing allows denial of service",
156 silly audit report       severity: 'low',
156 silly audit report       vulnerable_versions: '>=6.7.0 <=6.14.1',
156 silly audit report       cwe: [Array],
156 silly audit report       cvss: [Object]
156 silly audit report     },
156 silly audit report     {
156 silly audit report       id: 1113719,
156 silly audit report       url: 'https://github.com/advisories/GHSA-6rw7-vpxm-498p',
156 silly audit report       title: "qs's arrayLimit bypass in its bracket notation allows DoS via memory exhaustion",
156 silly audit report       severity: 'moderate',
156 silly audit report       vulnerable_versions: '<6.14.1',
156 silly audit report       cwe: [Array],
156 silly audit report       cvss: [Object]
156 silly audit report     }
156 silly audit report   ],
156 silly audit report   next: [
156 silly audit report     {
156 silly audit report       id: 1105462,
156 silly audit report       url: 'https://github.com/advisories/GHSA-3h52-269p-cp9r',
156 silly audit report       title: 'Information exposure in Next.js dev server due to lack of origin verification',
156 silly audit report       severity: 'low',
156 silly audit report       vulnerable_versions: '>=15.0.0 <15.2.2',
156 silly audit report       cwe: [Array],
156 silly audit report       cvss: [Object]
156 silly audit report     },
156 silly audit report     {
156 silly audit report       id: 1107228,
156 silly audit report       url: 'https://github.com/advisories/GHSA-g5qg-72qw-gw5v',
156 silly audit report       title: 'Next.js Affected by Cache Key Confusion for Image Optimization API Routes',
156 silly audit report       severity: 'moderate',
156 silly audit report       vulnerable_versions: '>=15.0.0 <=15.4.4',
156 silly audit report       cwe: [Array],
156 silly audit report       cvss: [Object]
156 silly audit report     },
156 silly audit report     {
156 silly audit report       id: 1107514,
156 silly audit report       url: 'https://github.com/advisories/GHSA-xv57-4mr9-wg8v',
156 silly audit report       title: 'Next.js Content Injection Vulnerability for Image Optimization',
156 silly audit report       severity: 'moderate',
156 silly audit report       vulnerable_versions: '>=15.0.0 <=15.4.4',
156 silly audit report       cwe: [Array],
156 silly audit report       cvss: [Object]
156 silly audit report     },
156 silly audit report     {
156 silly audit report       id: 1107515,
156 silly audit report       url: 'https://github.com/advisories/GHSA-4342-x723-ch2f',
156 silly audit report       title: 'Next.js Improper Middleware Redirect Handling Leads to SSRF',
156 silly audit report       severity: 'moderate',
156 silly audit report       vulnerable_versions: '>=15.0.0-canary.0 <15.4.7',
156 silly audit report       cwe: [Array],
156 silly audit report       cvss: [Object]
156 silly audit report     },
156 silly audit report     {
156 silly audit report       id: 1112593,
156 silly audit report       url: 'https://github.com/advisories/GHSA-9g9p-9gw9-jx7f',
156 silly audit report       title: 'Next.js self-hosted applications vulnerable to DoS via Image Optimizer remotePatterns configuration',
156 silly audit report       severity: 'moderate',
156 silly audit report       vulnerable_versions: '>=10.0.0 <15.5.10',
156 silly audit report       cwe: [Array],
156 silly audit report       cvss: [Object]
156 silly audit report     },
156 silly audit report     {
156 silly audit report       id: 1112652,
156 silly audit report       url: 'https://github.com/advisories/GHSA-h25m-26qc-wcjf',
156 silly audit report       title: 'Next.js HTTP request deserialization can lead to DoS when using insecure React Server Components',
156 silly audit report       severity: 'high',
156 silly audit report       vulnerable_versions: '>=15.1.1-canary.0 <15.1.12',
156 silly audit report       cwe: [Array],
156 silly audit report       cvss: [Object]
156 silly audit report     },
156 silly audit report     {
156 silly audit report       id: 1113688,
156 silly audit report       url: 'https://github.com/advisories/GHSA-f82v-jwr5-mffw',
156 silly audit report       title: 'Authorization Bypass in Next.js Middleware',
156 silly audit report       severity: 'critical',
156 silly audit report       vulnerable_versions: '>=15.0.0 <15.2.3',
156 silly audit report       cwe: [Array],
156 silly audit report       cvss: [Object]
156 silly audit report     },
156 silly audit report     {
156 silly audit report       id: 1114897,
156 silly audit report       url: 'https://github.com/advisories/GHSA-ggv3-7p47-pfv8',
156 silly audit report       title: 'Next.js: HTTP request smuggling in rewrites',
156 silly audit report       severity: 'moderate',
156 silly audit report       vulnerable_versions: '>=9.5.0 <15.5.13',
156 silly audit report       cwe: [Array],
156 silly audit report       cvss: [Object]
156 silly audit report     },
156 silly audit report     {
156 silly audit report       id: 1114940,
156 silly audit report       url: 'https://github.com/advisories/GHSA-3x4c-7xq6-9pq8',
156 silly audit report       title: 'Next.js: Unbounded next/image disk cache growth can exhaust storage',
156 silly audit report       severity: 'moderate',
156 silly audit report       vulnerable_versions: '>=10.0.0 <15.5.14',
156 silly audit report       cwe: [Array],
156 silly audit report       cvss: [Object]
156 silly audit report     }
156 silly audit report   ]
156 silly audit report }
157 silly packumentCache corgi:https://registry.npmjs.org/axios cache-miss
158 silly packumentCache corgi:https://registry.npmjs.org/brace-expansion cache-miss
159 silly packumentCache corgi:https://registry.npmjs.org/form-data cache-miss
160 silly packumentCache corgi:https://registry.npmjs.org/glob cache-miss
161 silly packumentCache corgi:https://registry.npmjs.org/lodash cache-miss
162 silly packumentCache corgi:https://registry.npmjs.org/minimatch cache-miss
163 silly packumentCache corgi:https://registry.npmjs.org/qs cache-miss
164 silly packumentCache corgi:https://registry.npmjs.org/next cache-miss
165 http fetch GET 200 https://registry.npmjs.org/brace-expansion 347ms (cache miss)
166 silly packumentCache corgi:https://registry.npmjs.org/brace-expansion set size:undefined disposed:false
167 http fetch GET 200 https://registry.npmjs.org/glob 365ms (cache miss)
168 silly packumentCache corgi:https://registry.npmjs.org/glob set size:undefined disposed:false
169 http fetch GET 200 https://registry.npmjs.org/lodash 559ms (cache miss)
170 silly packumentCache corgi:https://registry.npmjs.org/lodash set size:undefined disposed:false
171 http fetch GET 200 https://registry.npmjs.org/qs 567ms (cache miss)
172 silly packumentCache corgi:https://registry.npmjs.org/qs set size:undefined disposed:false
173 http fetch GET 200 https://registry.npmjs.org/form-data 691ms (cache miss)
174 silly packumentCache corgi:https://registry.npmjs.org/form-data set size:undefined disposed:false
175 http fetch GET 200 https://registry.npmjs.org/axios 714ms (cache miss)
176 silly packumentCache corgi:https://registry.npmjs.org/axios set size:undefined disposed:false
177 http fetch GET 200 https://registry.npmjs.org/minimatch 1036ms (cache miss)
178 silly packumentCache corgi:https://registry.npmjs.org/minimatch set size:undefined disposed:false
179 http fetch GET 200 https://registry.npmjs.org/@emnapi/runtime/-/runtime-1.3.1.tgz 1734ms (cache miss)
180 http fetch GET 200 https://registry.npmjs.org/next 1508ms (cache miss)
181 silly packumentCache corgi:https://registry.npmjs.org/next set size:undefined disposed:false
182 silly packumentCache corgi:https://registry.npmjs.org/contentful cache-miss
183 http fetch GET 200 https://registry.npmjs.org/contentful 455ms (cache miss)
184 silly packumentCache corgi:https://registry.npmjs.org/contentful set size:undefined disposed:false
185 silly packumentCache corgi:https://registry.npmjs.org/sucrase cache-miss
186 http fetch GET 200 https://registry.npmjs.org/sucrase 643ms (cache miss)
187 silly packumentCache corgi:https://registry.npmjs.org/sucrase set size:undefined disposed:false
188 silly packumentCache corgi:https://registry.npmjs.org/contentful-sdk-core cache-miss
189 http fetch GET 200 https://registry.npmjs.org/contentful-sdk-core 241ms (cache miss)
190 silly packumentCache corgi:https://registry.npmjs.org/contentful-sdk-core set size:undefined disposed:false
191 http fetch GET 200 https://registry.npmjs.org/@next/swc-win32-x64-msvc/-/swc-win32-x64-msvc-15.1.9.tgz 23196ms (cache miss)
192 http fetch GET 200 https://registry.npmjs.org/next/-/next-15.1.11.tgz 27154ms (cache miss)
193 silly ADD
194 silly ADD
195 silly ADD
196 silly ADD
197 silly ADD
198 silly ADD
199 silly ADD
200 silly ADD
201 silly ADD
202 silly ADD
203 silly ADD
204 silly ADD
205 silly ADD
206 silly ADD
207 silly ADD
208 silly ADD
209 silly ADD
210 silly ADD
211 silly ADD
212 silly ADD
213 silly ADD
214 silly ADD
215 silly ADD
216 silly ADD
217 silly ADD
218 silly ADD
219 silly ADD
220 silly ADD
221 silly CHANGE node_modules/next
222 silly CHANGE node_modules/@next/swc-win32-x64-msvc
223 silly CHANGE node_modules/@next/env
224 verbose cwd D:\Porto\compnay-profile
225 verbose os Windows_NT 10.0.26200
226 verbose node v20.18.0
227 verbose npm  v10.8.2
228 notice
228 notice New [31mmajor[39m version of npm available! [31m10.8.2[39m -> [34m11.12.0[39m
228 notice Changelog: [34mhttps://github.com/npm/cli/releases/tag/v11.12.0[39m
228 notice To update run: [4mnpm install -g npm@11.12.0[24m
228 notice  { force: true, [Symbol(proc-log.meta)]: true }
229 verbose exit 0
230 info ok
